Thu Mar 26 11:45:04 EDT 2026
    PID    PPID   RSS CMD
2676853 2676849  3288 bash 0_get_ss_bounds.sh /nfs/turbo/sph-jvmorr/GFA_metabolites_2025/gfa_pipeline/5e5Sig_Herit_Mets_8ForLDSCStrip_1.csv 0.1 ss_table.tsv
2676849 2676839  3024 /bin/bash /var/spool/slurmd.spool/job46144438/slurm_script
2676859 2676854  2152 ps -u elottie -o pid,ppid,rss,cmd --sort=-rss
2676854 2676853  1720 bash 0_get_ss_bounds.sh /nfs/turbo/sph-jvmorr/GFA_metabolites_2025/gfa_pipeline/5e5Sig_Herit_Mets_8ForLDSCStrip_1.csv 0.1 ss_table.tsv
2676860 2676854   948 head -20
----
Thu Mar 26 11:45:06 EDT 2026
    PID    PPID   RSS CMD
2676972 2676853 18608 sort -T 0_get_ss_bounds_20260326_114504 -S 200M -t . -k1,1 -u
2676853 2676849  3372 bash 0_get_ss_bounds.sh /nfs/turbo/sph-jvmorr/GFA_metabolites_2025/gfa_pipeline/5e5Sig_Herit_Mets_8ForLDSCStrip_1.csv 0.1 ss_table.tsv
2676970 2676853  3280 awk -F. -v OFS=\t -v snp_name=RSID -v A1_name=ALLELE1 -v A2_name=ALLELE0 -v beta_name=BETA -v se_name=SE -v ss_name=N -v af_name=A1FREQ -f remove_invalid_variants.awk
2676971 2676853  3208 awk -F\t NR>1 {print $1,$6}
2676849 2676839  3024 /bin/bash /var/spool/slurmd.spool/job46144438/slurm_script
2676994 2676854  2164 ps -u elottie -o pid,ppid,rss,cmd --sort=-rss
2676854 2676853  1916 bash 0_get_ss_bounds.sh /nfs/turbo/sph-jvmorr/GFA_metabolites_2025/gfa_pipeline/5e5Sig_Herit_Mets_8ForLDSCStrip_1.csv 0.1 ss_table.tsv
2676969 2676853  1676 gzip -cd /nfs/turbo/sph-jvmorr/gwas_summary_statistics/METSIM/with_rsid/C999912117/C999912117_regenie_rsid.tsv.gz
2676995 2676854   860 head -20
----
Thu Mar 26 11:45:08 EDT 2026
    PID    PPID   RSS CMD
2676972 2676853 56360 sort -T 0_get_ss_bounds_20260326_114504 -S 200M -t . -k1,1 -u
2676853 2676849  3372 bash 0_get_ss_bounds.sh /nfs/turbo/sph-jvmorr/GFA_metabolites_2025/gfa_pipeline/5e5Sig_Herit_Mets_8ForLDSCStrip_1.csv 0.1 ss_table.tsv
2676970 2676853  3280 awk -F. -v OFS=\t -v snp_name=RSID -v A1_name=ALLELE1 -v A2_name=ALLELE0 -v beta_name=BETA -v se_name=SE -v ss_name=N -v af_name=A1FREQ -f remove_invalid_variants.awk
2676971 2676853  3208 awk -F\t NR>1 {print $1,$6}
2676849 2676839  3024 /bin/bash /var/spool/slurmd.spool/job46144438/slurm_script
2677009 2676854  2276 ps -u elottie -o pid,ppid,rss,cmd --sort=-rss
2676854 2676853  1916 bash 0_get_ss_bounds.sh /nfs/turbo/sph-jvmorr/GFA_metabolites_2025/gfa_pipeline/5e5Sig_Herit_Mets_8ForLDSCStrip_1.csv 0.1 ss_table.tsv
2676969 2676853  1676 gzip -cd /nfs/turbo/sph-jvmorr/gwas_summary_statistics/METSIM/with_rsid/C999912117/C999912117_regenie_rsid.tsv.gz
2677010 2676854   944 head -20
----
Thu Mar 26 11:45:10 EDT 2026
    PID    PPID   RSS CMD
2676972 2676853 86456 sort -T 0_get_ss_bounds_20260326_114504 -S 200M -t . -k1,1 -u
2676853 2676849  3372 bash 0_get_ss_bounds.sh /nfs/turbo/sph-jvmorr/GFA_metabolites_2025/gfa_pipeline/5e5Sig_Herit_Mets_8ForLDSCStrip_1.csv 0.1 ss_table.tsv
2676970 2676853  3280 awk -F. -v OFS=\t -v snp_name=RSID -v A1_name=ALLELE1 -v A2_name=ALLELE0 -v beta_name=BETA -v se_name=SE -v ss_name=N -v af_name=A1FREQ -f remove_invalid_variants.awk
2676971 2676853  3208 awk -F\t NR>1 {print $1,$6}
2676849 2676839  3024 /bin/bash /var/spool/slurmd.spool/job46144438/slurm_script
2677019 2676854  2152 ps -u elottie -o pid,ppid,rss,cmd --sort=-rss
2676854 2676853  1916 bash 0_get_ss_bounds.sh /nfs/turbo/sph-jvmorr/GFA_metabolites_2025/gfa_pipeline/5e5Sig_Herit_Mets_8ForLDSCStrip_1.csv 0.1 ss_table.tsv
2676969 2676853  1676 gzip -cd /nfs/turbo/sph-jvmorr/gwas_summary_statistics/METSIM/with_rsid/C999912117/C999912117_regenie_rsid.tsv.gz
2677020 2676854   868 head -20
----
Thu Mar 26 11:45:12 EDT 2026
    PID    PPID   RSS CMD
2676972 2676853 121040 sort -T 0_get_ss_bounds_20260326_114504 -S 200M -t . -k1,1 -u
2676853 2676849  3372 bash 0_get_ss_bounds.sh /nfs/turbo/sph-jvmorr/GFA_metabolites_2025/gfa_pipeline/5e5Sig_Herit_Mets_8ForLDSCStrip_1.csv 0.1 ss_table.tsv
2676970 2676853  3280 awk -F. -v OFS=\t -v snp_name=RSID -v A1_name=ALLELE1 -v A2_name=ALLELE0 -v beta_name=BETA -v se_name=SE -v ss_name=N -v af_name=A1FREQ -f remove_invalid_variants.awk
2676971 2676853  3208 awk -F\t NR>1 {print $1,$6}
2676849 2676839  3024 /bin/bash /var/spool/slurmd.spool/job46144438/slurm_script
2677028 2676854  2240 ps -u elottie -o pid,ppid,rss,cmd --sort=-rss
2676854 2676853  1916 bash 0_get_ss_bounds.sh /nfs/turbo/sph-jvmorr/GFA_metabolites_2025/gfa_pipeline/5e5Sig_Herit_Mets_8ForLDSCStrip_1.csv 0.1 ss_table.tsv
2676969 2676853  1676 gzip -cd /nfs/turbo/sph-jvmorr/gwas_summary_statistics/METSIM/with_rsid/C999912117/C999912117_regenie_rsid.tsv.gz
2677029 2676854  1016 head -20
----
Thu Mar 26 11:45:14 EDT 2026
    PID    PPID   RSS CMD
2676972 2676853 154832 sort -T 0_get_ss_bounds_20260326_114504 -S 200M -t . -k1,1 -u
2676853 2676849  3372 bash 0_get_ss_bounds.sh /nfs/turbo/sph-jvmorr/GFA_metabolites_2025/gfa_pipeline/5e5Sig_Herit_Mets_8ForLDSCStrip_1.csv 0.1 ss_table.tsv
2676970 2676853  3280 awk -F. -v OFS=\t -v snp_name=RSID -v A1_name=ALLELE1 -v A2_name=ALLELE0 -v beta_name=BETA -v se_name=SE -v ss_name=N -v af_name=A1FREQ -f remove_invalid_variants.awk
2676971 2676853  3208 awk -F\t NR>1 {print $1,$6}
2676849 2676839  3024 /bin/bash /var/spool/slurmd.spool/job46144438/slurm_script
2677032 2676854  2156 ps -u elottie -o pid,ppid,rss,cmd --sort=-rss
2676854 2676853  1916 bash 0_get_ss_bounds.sh /nfs/turbo/sph-jvmorr/GFA_metabolites_2025/gfa_pipeline/5e5Sig_Herit_Mets_8ForLDSCStrip_1.csv 0.1 ss_table.tsv
2676969 2676853  1676 gzip -cd /nfs/turbo/sph-jvmorr/gwas_summary_statistics/METSIM/with_rsid/C999912117/C999912117_regenie_rsid.tsv.gz
2677033 2676854   968 head -20
----
Thu Mar 26 11:45:16 EDT 2026
    PID    PPID   RSS CMD
2676972 2676853 207688 sort -T 0_get_ss_bounds_20260326_114504 -S 200M -t . -k1,1 -u
2676853 2676849  3372 bash 0_get_ss_bounds.sh /nfs/turbo/sph-jvmorr/GFA_metabolites_2025/gfa_pipeline/5e5Sig_Herit_Mets_8ForLDSCStrip_1.csv 0.1 ss_table.tsv
2676970 2676853  3280 awk -F. -v OFS=\t -v snp_name=RSID -v A1_name=ALLELE1 -v A2_name=ALLELE0 -v beta_name=BETA -v se_name=SE -v ss_name=N -v af_name=A1FREQ -f remove_invalid_variants.awk
2676971 2676853  3208 awk -F\t NR>1 {print $1,$6}
2676849 2676839  3024 /bin/bash /var/spool/slurmd.spool/job46144438/slurm_script
2677037 2676854  2232 ps -u elottie -o pid,ppid,rss,cmd --sort=-rss
2676854 2676853  1916 bash 0_get_ss_bounds.sh /nfs/turbo/sph-jvmorr/GFA_metabolites_2025/gfa_pipeline/5e5Sig_Herit_Mets_8ForLDSCStrip_1.csv 0.1 ss_table.tsv
2676969 2676853  1676 gzip -cd /nfs/turbo/sph-jvmorr/gwas_summary_statistics/METSIM/with_rsid/C999912117/C999912117_regenie_rsid.tsv.gz
2677038 2676854   968 head -20
----
Thu Mar 26 11:45:18 EDT 2026
    PID    PPID   RSS CMD
2676972 2676853 207688 sort -T 0_get_ss_bounds_20260326_114504 -S 200M -t . -k1,1 -u
2676853 2676849  3372 bash 0_get_ss_bounds.sh /nfs/turbo/sph-jvmorr/GFA_metabolites_2025/gfa_pipeline/5e5Sig_Herit_Mets_8ForLDSCStrip_1.csv 0.1 ss_table.tsv
2676970 2676853  3280 awk -F. -v OFS=\t -v snp_name=RSID -v A1_name=ALLELE1 -v A2_name=ALLELE0 -v beta_name=BETA -v se_name=SE -v ss_name=N -v af_name=A1FREQ -f remove_invalid_variants.awk
2676971 2676853  3208 awk -F\t NR>1 {print $1,$6}
2676849 2676839  3024 /bin/bash /var/spool/slurmd.spool/job46144438/slurm_script
2677046 2676854  2156 ps -u elottie -o pid,ppid,rss,cmd --sort=-rss
2676854 2676853  1916 bash 0_get_ss_bounds.sh /nfs/turbo/sph-jvmorr/GFA_metabolites_2025/gfa_pipeline/5e5Sig_Herit_Mets_8ForLDSCStrip_1.csv 0.1 ss_table.tsv
2676969 2676853  1676 gzip -cd /nfs/turbo/sph-jvmorr/gwas_summary_statistics/METSIM/with_rsid/C999912117/C999912117_regenie_rsid.tsv.gz
2677047 2676854   936 head -20
----
Thu Mar 26 11:45:20 EDT 2026
    PID    PPID   RSS CMD
2676972 2676853 207688 sort -T 0_get_ss_bounds_20260326_114504 -S 200M -t . -k1,1 -u
2676853 2676849  3372 bash 0_get_ss_bounds.sh /nfs/turbo/sph-jvmorr/GFA_metabolites_2025/gfa_pipeline/5e5Sig_Herit_Mets_8ForLDSCStrip_1.csv 0.1 ss_table.tsv
2676970 2676853  3280 awk -F. -v OFS=\t -v snp_name=RSID -v A1_name=ALLELE1 -v A2_name=ALLELE0 -v beta_name=BETA -v se_name=SE -v ss_name=N -v af_name=A1FREQ -f remove_invalid_variants.awk
2676971 2676853  3208 awk -F\t NR>1 {print $1,$6}
2676849 2676839  3024 /bin/bash /var/spool/slurmd.spool/job46144438/slurm_script
2677050 2676854  2180 ps -u elottie -o pid,ppid,rss,cmd --sort=-rss
2676854 2676853  1916 bash 0_get_ss_bounds.sh /nfs/turbo/sph-jvmorr/GFA_metabolites_2025/gfa_pipeline/5e5Sig_Herit_Mets_8ForLDSCStrip_1.csv 0.1 ss_table.tsv
2676969 2676853  1676 gzip -cd /nfs/turbo/sph-jvmorr/gwas_summary_statistics/METSIM/with_rsid/C999912117/C999912117_regenie_rsid.tsv.gz
2677051 2676854   864 head -20
----
Thu Mar 26 11:45:22 EDT 2026
    PID    PPID   RSS CMD
2676972 2676853 207688 sort -T 0_get_ss_bounds_20260326_114504 -S 200M -t . -k1,1 -u
2676853 2676849  3372 bash 0_get_ss_bounds.sh /nfs/turbo/sph-jvmorr/GFA_metabolites_2025/gfa_pipeline/5e5Sig_Herit_Mets_8ForLDSCStrip_1.csv 0.1 ss_table.tsv
2676970 2676853  3280 awk -F. -v OFS=\t -v snp_name=RSID -v A1_name=ALLELE1 -v A2_name=ALLELE0 -v beta_name=BETA -v se_name=SE -v ss_name=N -v af_name=A1FREQ -f remove_invalid_variants.awk
2676971 2676853  3208 awk -F\t NR>1 {print $1,$6}
2676849 2676839  3024 /bin/bash /var/spool/slurmd.spool/job46144438/slurm_script
2677054 2676854  2308 ps -u elottie -o pid,ppid,rss,cmd --sort=-rss
2676854 2676853  1916 bash 0_get_ss_bounds.sh /nfs/turbo/sph-jvmorr/GFA_metabolites_2025/gfa_pipeline/5e5Sig_Herit_Mets_8ForLDSCStrip_1.csv 0.1 ss_table.tsv
2676969 2676853  1676 gzip -cd /nfs/turbo/sph-jvmorr/gwas_summary_statistics/METSIM/with_rsid/C999912117/C999912117_regenie_rsid.tsv.gz
2677055 2676854   936 head -20
----
Thu Mar 26 11:45:24 EDT 2026
    PID    PPID   RSS CMD
2676972 2676853 207688 sort -T 0_get_ss_bounds_20260326_114504 -S 200M -t . -k1,1 -u
2676853 2676849  3372 bash 0_get_ss_bounds.sh /nfs/turbo/sph-jvmorr/GFA_metabolites_2025/gfa_pipeline/5e5Sig_Herit_Mets_8ForLDSCStrip_1.csv 0.1 ss_table.tsv
2676970 2676853  3280 awk -F. -v OFS=\t -v snp_name=RSID -v A1_name=ALLELE1 -v A2_name=ALLELE0 -v beta_name=BETA -v se_name=SE -v ss_name=N -v af_name=A1FREQ -f remove_invalid_variants.awk
2676971 2676853  3208 awk -F\t NR>1 {print $1,$6}
2676849 2676839  3024 /bin/bash /var/spool/slurmd.spool/job46144438/slurm_script
2677058 2676854  2228 ps -u elottie -o pid,ppid,rss,cmd --sort=-rss
2676854 2676853  1916 bash 0_get_ss_bounds.sh /nfs/turbo/sph-jvmorr/GFA_metabolites_2025/gfa_pipeline/5e5Sig_Herit_Mets_8ForLDSCStrip_1.csv 0.1 ss_table.tsv
2676969 2676853  1676 gzip -cd /nfs/turbo/sph-jvmorr/gwas_summary_statistics/METSIM/with_rsid/C999912117/C999912117_regenie_rsid.tsv.gz
2677059 2676854   936 head -20
----
Thu Mar 26 11:45:27 EDT 2026
    PID    PPID   RSS CMD
2676972 2676853 207688 sort -T 0_get_ss_bounds_20260326_114504 -S 200M -t . -k1,1 -u
2676853 2676849  3372 bash 0_get_ss_bounds.sh /nfs/turbo/sph-jvmorr/GFA_metabolites_2025/gfa_pipeline/5e5Sig_Herit_Mets_8ForLDSCStrip_1.csv 0.1 ss_table.tsv
2676970 2676853  3280 awk -F. -v OFS=\t -v snp_name=RSID -v A1_name=ALLELE1 -v A2_name=ALLELE0 -v beta_name=BETA -v se_name=SE -v ss_name=N -v af_name=A1FREQ -f remove_invalid_variants.awk
2676971 2676853  3208 awk -F\t NR>1 {print $1,$6}
2676849 2676839  3024 /bin/bash /var/spool/slurmd.spool/job46144438/slurm_script
2677066 2676854  2168 ps -u elottie -o pid,ppid,rss,cmd --sort=-rss
2676854 2676853  1916 bash 0_get_ss_bounds.sh /nfs/turbo/sph-jvmorr/GFA_metabolites_2025/gfa_pipeline/5e5Sig_Herit_Mets_8ForLDSCStrip_1.csv 0.1 ss_table.tsv
2676969 2676853  1676 gzip -cd /nfs/turbo/sph-jvmorr/gwas_summary_statistics/METSIM/with_rsid/C999912117/C999912117_regenie_rsid.tsv.gz
2677067 2676854   860 head -20
----
Thu Mar 26 11:45:29 EDT 2026
    PID    PPID   RSS CMD
2676972 2676853 207688 sort -T 0_get_ss_bounds_20260326_114504 -S 200M -t . -k1,1 -u
2676853 2676849  3372 bash 0_get_ss_bounds.sh /nfs/turbo/sph-jvmorr/GFA_metabolites_2025/gfa_pipeline/5e5Sig_Herit_Mets_8ForLDSCStrip_1.csv 0.1 ss_table.tsv
2676970 2676853  3280 awk -F. -v OFS=\t -v snp_name=RSID -v A1_name=ALLELE1 -v A2_name=ALLELE0 -v beta_name=BETA -v se_name=SE -v ss_name=N -v af_name=A1FREQ -f remove_invalid_variants.awk
2676971 2676853  3208 awk -F\t NR>1 {print $1,$6}
2676849 2676839  3024 /bin/bash /var/spool/slurmd.spool/job46144438/slurm_script
2677073 2676854  2232 ps -u elottie -o pid,ppid,rss,cmd --sort=-rss
2676854 2676853  1916 bash 0_get_ss_bounds.sh /nfs/turbo/sph-jvmorr/GFA_metabolites_2025/gfa_pipeline/5e5Sig_Herit_Mets_8ForLDSCStrip_1.csv 0.1 ss_table.tsv
2676969 2676853  1676 gzip -cd /nfs/turbo/sph-jvmorr/gwas_summary_statistics/METSIM/with_rsid/C999912117/C999912117_regenie_rsid.tsv.gz
2677074 2676854   860 head -20
----
Thu Mar 26 11:45:31 EDT 2026
    PID    PPID   RSS CMD
2676972 2676853 207688 sort -T 0_get_ss_bounds_20260326_114504 -S 200M -t . -k1,1 -u
2676853 2676849  3372 bash 0_get_ss_bounds.sh /nfs/turbo/sph-jvmorr/GFA_metabolites_2025/gfa_pipeline/5e5Sig_Herit_Mets_8ForLDSCStrip_1.csv 0.1 ss_table.tsv
2676970 2676853  3280 awk -F. -v OFS=\t -v snp_name=RSID -v A1_name=ALLELE1 -v A2_name=ALLELE0 -v beta_name=BETA -v se_name=SE -v ss_name=N -v af_name=A1FREQ -f remove_invalid_variants.awk
2676971 2676853  3208 awk -F\t NR>1 {print $1,$6}
2676849 2676839  3024 /bin/bash /var/spool/slurmd.spool/job46144438/slurm_script
2677079 2676854  2160 ps -u elottie -o pid,ppid,rss,cmd --sort=-rss
2676854 2676853  1916 bash 0_get_ss_bounds.sh /nfs/turbo/sph-jvmorr/GFA_metabolites_2025/gfa_pipeline/5e5Sig_Herit_Mets_8ForLDSCStrip_1.csv 0.1 ss_table.tsv
2676969 2676853  1676 gzip -cd /nfs/turbo/sph-jvmorr/gwas_summary_statistics/METSIM/with_rsid/C999912117/C999912117_regenie_rsid.tsv.gz
2677080 2676854   964 head -20
----
Thu Mar 26 11:45:33 EDT 2026
    PID    PPID   RSS CMD
2676972 2676853 207688 sort -T 0_get_ss_bounds_20260326_114504 -S 200M -t . -k1,1 -u
2676853 2676849  3372 bash 0_get_ss_bounds.sh /nfs/turbo/sph-jvmorr/GFA_metabolites_2025/gfa_pipeline/5e5Sig_Herit_Mets_8ForLDSCStrip_1.csv 0.1 ss_table.tsv
2676970 2676853  3280 awk -F. -v OFS=\t -v snp_name=RSID -v A1_name=ALLELE1 -v A2_name=ALLELE0 -v beta_name=BETA -v se_name=SE -v ss_name=N -v af_name=A1FREQ -f remove_invalid_variants.awk
2676971 2676853  3208 awk -F\t NR>1 {print $1,$6}
2676849 2676839  3024 /bin/bash /var/spool/slurmd.spool/job46144438/slurm_script
2677087 2676854  2244 ps -u elottie -o pid,ppid,rss,cmd --sort=-rss
2676854 2676853  1916 bash 0_get_ss_bounds.sh /nfs/turbo/sph-jvmorr/GFA_metabolites_2025/gfa_pipeline/5e5Sig_Herit_Mets_8ForLDSCStrip_1.csv 0.1 ss_table.tsv
2676969 2676853  1676 gzip -cd /nfs/turbo/sph-jvmorr/gwas_summary_statistics/METSIM/with_rsid/C999912117/C999912117_regenie_rsid.tsv.gz
2677088 2676854   824 head -20
----
Thu Mar 26 11:45:35 EDT 2026
    PID    PPID   RSS CMD
2676972 2676853 207688 sort -T 0_get_ss_bounds_20260326_114504 -S 200M -t . -k1,1 -u
2676853 2676849  3372 bash 0_get_ss_bounds.sh /nfs/turbo/sph-jvmorr/GFA_metabolites_2025/gfa_pipeline/5e5Sig_Herit_Mets_8ForLDSCStrip_1.csv 0.1 ss_table.tsv
2676970 2676853  3280 awk -F. -v OFS=\t -v snp_name=RSID -v A1_name=ALLELE1 -v A2_name=ALLELE0 -v beta_name=BETA -v se_name=SE -v ss_name=N -v af_name=A1FREQ -f remove_invalid_variants.awk
2676971 2676853  3208 awk -F\t NR>1 {print $1,$6}
2676849 2676839  3024 /bin/bash /var/spool/slurmd.spool/job46144438/slurm_script
2677093 2676854  2264 ps -u elottie -o pid,ppid,rss,cmd --sort=-rss
2676854 2676853  1916 bash 0_get_ss_bounds.sh /nfs/turbo/sph-jvmorr/GFA_metabolites_2025/gfa_pipeline/5e5Sig_Herit_Mets_8ForLDSCStrip_1.csv 0.1 ss_table.tsv
2676969 2676853  1676 gzip -cd /nfs/turbo/sph-jvmorr/gwas_summary_statistics/METSIM/with_rsid/C999912117/C999912117_regenie_rsid.tsv.gz
2677094 2676854   936 head -20
----
Thu Mar 26 11:45:37 EDT 2026
    PID    PPID   RSS CMD
2676972 2676853 207688 sort -T 0_get_ss_bounds_20260326_114504 -S 200M -t . -k1,1 -u
2676853 2676849  3372 bash 0_get_ss_bounds.sh /nfs/turbo/sph-jvmorr/GFA_metabolites_2025/gfa_pipeline/5e5Sig_Herit_Mets_8ForLDSCStrip_1.csv 0.1 ss_table.tsv
2676849 2676839  3024 /bin/bash /var/spool/slurmd.spool/job46144438/slurm_script
2677117 2676854  2164 ps -u elottie -o pid,ppid,rss,cmd --sort=-rss
2676854 2676853  1916 bash 0_get_ss_bounds.sh /nfs/turbo/sph-jvmorr/GFA_metabolites_2025/gfa_pipeline/5e5Sig_Herit_Mets_8ForLDSCStrip_1.csv 0.1 ss_table.tsv
2677118 2676854   852 head -20
