Tue Mar 24 11:39:51 EDT 2026
    PID    PPID   RSS CMD
2216201 2216196  3668 ps -u elottie -o pid,ppid,rss,cmd --sort=-rss
2216194 2216178  3144 bash 1_combine_and_format.sh 1 /nfs/turbo/sph-jvmorr/GFA_metabolites_2025/gfa_pipeline/5e5Sig_Herit_Mets_8ForLDSCStrip.csv 0.05 0.1 final_pass_snps.txt
2216178 2216129  2992 /bin/bash /var/spool/slurmd.spool/job45993755/slurm_script
2216196 2216194  1940 bash 1_combine_and_format.sh 1 /nfs/turbo/sph-jvmorr/GFA_metabolites_2025/gfa_pipeline/5e5Sig_Herit_Mets_8ForLDSCStrip.csv 0.05 0.1 final_pass_snps.txt
2216202 2216196   848 head -20
----
Tue Mar 24 11:39:53 EDT 2026
    PID    PPID   RSS CMD
2216321 2216319 22100 sort -T 1_comb_form_20260324_113951 -S 100M -t ? -k1,1 -u
2216323 2216196  3784 ps -u elottie -o pid,ppid,rss,cmd --sort=-rss
2216318 2216194  3516 awk -F\t -v OFS=\t -v snp_name=RSID -v A1_name=ALLELE1 -v A2_name=ALLELE0 -v beta_name=BETA -v se_name=SE -v ss_name=N -v af_name=A1FREQ -f remove_invalid_variants.awk
2216320 2216194  3468 awk -F\t -v OFS=\t -v beta_name=BETA -v se_name=SE -f add_zscore.awk
2216317 2216194  3460 awk -F? -v chr_header=CHROM -v chrom_val=1 -v OFS=\t                      NR==1 {                         for (i=1; i<=NF; i++) if ($i == chr_header) chr_idx = i                         if (!chr_idx) { print "ERROR: chrom header not found: " chr_header > "/dev/stderr"; exit 1 }                         print                         next                     }                     $chr_idx == chrom_val                     
2216194 2216178  3252 bash 1_combine_and_format.sh 1 /nfs/turbo/sph-jvmorr/GFA_metabolites_2025/gfa_pipeline/5e5Sig_Herit_Mets_8ForLDSCStrip.csv 0.05 0.1 final_pass_snps.txt
2216178 2216129  2992 /bin/bash /var/spool/slurmd.spool/job45993755/slurm_script
2216196 2216194  2196 bash 1_combine_and_format.sh 1 /nfs/turbo/sph-jvmorr/GFA_metabolites_2025/gfa_pipeline/5e5Sig_Herit_Mets_8ForLDSCStrip.csv 0.05 0.1 final_pass_snps.txt
2216319 2216194  2116 bash 1_combine_and_format.sh 1 /nfs/turbo/sph-jvmorr/GFA_metabolites_2025/gfa_pipeline/5e5Sig_Herit_Mets_8ForLDSCStrip.csv 0.05 0.1 final_pass_snps.txt
2216316 2216194  1576 gzip -cd /nfs/turbo/sph-jvmorr/gwas_summary_statistics/METSIM/with_rsid/C999912117/C999912117_regenie_rsid.tsv.gz
2216324 2216196   868 head -20
----
Tue Mar 24 11:39:55 EDT 2026
    PID    PPID   RSS CMD
2216321 2216319 54572 sort -T 1_comb_form_20260324_113951 -S 100M -t ? -k1,1 -u
2216330 2216196  3812 ps -u elottie -o pid,ppid,rss,cmd --sort=-rss
2216318 2216194  3516 awk -F\t -v OFS=\t -v snp_name=RSID -v A1_name=ALLELE1 -v A2_name=ALLELE0 -v beta_name=BETA -v se_name=SE -v ss_name=N -v af_name=A1FREQ -f remove_invalid_variants.awk
2216320 2216194  3468 awk -F\t -v OFS=\t -v beta_name=BETA -v se_name=SE -f add_zscore.awk
2216317 2216194  3460 awk -F? -v chr_header=CHROM -v chrom_val=1 -v OFS=\t                      NR==1 {                         for (i=1; i<=NF; i++) if ($i == chr_header) chr_idx = i                         if (!chr_idx) { print "ERROR: chrom header not found: " chr_header > "/dev/stderr"; exit 1 }                         print                         next                     }                     $chr_idx == chrom_val                     
2216194 2216178  3252 bash 1_combine_and_format.sh 1 /nfs/turbo/sph-jvmorr/GFA_metabolites_2025/gfa_pipeline/5e5Sig_Herit_Mets_8ForLDSCStrip.csv 0.05 0.1 final_pass_snps.txt
2216178 2216129  2992 /bin/bash /var/spool/slurmd.spool/job45993755/slurm_script
2216196 2216194  2196 bash 1_combine_and_format.sh 1 /nfs/turbo/sph-jvmorr/GFA_metabolites_2025/gfa_pipeline/5e5Sig_Herit_Mets_8ForLDSCStrip.csv 0.05 0.1 final_pass_snps.txt
2216319 2216194  2116 bash 1_combine_and_format.sh 1 /nfs/turbo/sph-jvmorr/GFA_metabolites_2025/gfa_pipeline/5e5Sig_Herit_Mets_8ForLDSCStrip.csv 0.05 0.1 final_pass_snps.txt
2216316 2216194  1576 gzip -cd /nfs/turbo/sph-jvmorr/gwas_summary_statistics/METSIM/with_rsid/C999912117/C999912117_regenie_rsid.tsv.gz
2216331 2216196   848 head -20
----
Tue Mar 24 11:39:57 EDT 2026
    PID    PPID   RSS CMD
2216321 2216319 61436 sort -T 1_comb_form_20260324_113951 -S 100M -t ? -k1,1 -u
2216338 2216196  3916 ps -u elottie -o pid,ppid,rss,cmd --sort=-rss
2216318 2216194  3516 awk -F\t -v OFS=\t -v snp_name=RSID -v A1_name=ALLELE1 -v A2_name=ALLELE0 -v beta_name=BETA -v se_name=SE -v ss_name=N -v af_name=A1FREQ -f remove_invalid_variants.awk
2216320 2216194  3468 awk -F\t -v OFS=\t -v beta_name=BETA -v se_name=SE -f add_zscore.awk
2216317 2216194  3460 awk -F? -v chr_header=CHROM -v chrom_val=1 -v OFS=\t                      NR==1 {                         for (i=1; i<=NF; i++) if ($i == chr_header) chr_idx = i                         if (!chr_idx) { print "ERROR: chrom header not found: " chr_header > "/dev/stderr"; exit 1 }                         print                         next                     }                     $chr_idx == chrom_val                     
2216194 2216178  3252 bash 1_combine_and_format.sh 1 /nfs/turbo/sph-jvmorr/GFA_metabolites_2025/gfa_pipeline/5e5Sig_Herit_Mets_8ForLDSCStrip.csv 0.05 0.1 final_pass_snps.txt
2216178 2216129  2992 /bin/bash /var/spool/slurmd.spool/job45993755/slurm_script
2216196 2216194  2196 bash 1_combine_and_format.sh 1 /nfs/turbo/sph-jvmorr/GFA_metabolites_2025/gfa_pipeline/5e5Sig_Herit_Mets_8ForLDSCStrip.csv 0.05 0.1 final_pass_snps.txt
2216319 2216194  2116 bash 1_combine_and_format.sh 1 /nfs/turbo/sph-jvmorr/GFA_metabolites_2025/gfa_pipeline/5e5Sig_Herit_Mets_8ForLDSCStrip.csv 0.05 0.1 final_pass_snps.txt
2216316 2216194  1576 gzip -cd /nfs/turbo/sph-jvmorr/gwas_summary_statistics/METSIM/with_rsid/C999912117/C999912117_regenie_rsid.tsv.gz
2216339 2216196   944 head -20
----
Tue Mar 24 11:39:59 EDT 2026
    PID    PPID   RSS CMD
2216321 2216319 61436 sort -T 1_comb_form_20260324_113951 -S 100M -t ? -k1,1 -u
2216344 2216196  3724 ps -u elottie -o pid,ppid,rss,cmd --sort=-rss
2216318 2216194  3516 awk -F\t -v OFS=\t -v snp_name=RSID -v A1_name=ALLELE1 -v A2_name=ALLELE0 -v beta_name=BETA -v se_name=SE -v ss_name=N -v af_name=A1FREQ -f remove_invalid_variants.awk
2216320 2216194  3468 awk -F\t -v OFS=\t -v beta_name=BETA -v se_name=SE -f add_zscore.awk
2216317 2216194  3460 awk -F? -v chr_header=CHROM -v chrom_val=1 -v OFS=\t                      NR==1 {                         for (i=1; i<=NF; i++) if ($i == chr_header) chr_idx = i                         if (!chr_idx) { print "ERROR: chrom header not found: " chr_header > "/dev/stderr"; exit 1 }                         print                         next                     }                     $chr_idx == chrom_val                     
2216194 2216178  3252 bash 1_combine_and_format.sh 1 /nfs/turbo/sph-jvmorr/GFA_metabolites_2025/gfa_pipeline/5e5Sig_Herit_Mets_8ForLDSCStrip.csv 0.05 0.1 final_pass_snps.txt
2216178 2216129  2992 /bin/bash /var/spool/slurmd.spool/job45993755/slurm_script
2216196 2216194  2196 bash 1_combine_and_format.sh 1 /nfs/turbo/sph-jvmorr/GFA_metabolites_2025/gfa_pipeline/5e5Sig_Herit_Mets_8ForLDSCStrip.csv 0.05 0.1 final_pass_snps.txt
2216319 2216194  2116 bash 1_combine_and_format.sh 1 /nfs/turbo/sph-jvmorr/GFA_metabolites_2025/gfa_pipeline/5e5Sig_Herit_Mets_8ForLDSCStrip.csv 0.05 0.1 final_pass_snps.txt
2216316 2216194  1576 gzip -cd /nfs/turbo/sph-jvmorr/gwas_summary_statistics/METSIM/with_rsid/C999912117/C999912117_regenie_rsid.tsv.gz
2216345 2216196   936 head -20
----
Tue Mar 24 11:40:02 EDT 2026
    PID    PPID   RSS CMD
2216321 2216319 61436 sort -T 1_comb_form_20260324_113951 -S 100M -t ? -k1,1 -u
2216356 2216196  3712 ps -u elottie -o pid,ppid,rss,cmd --sort=-rss
2216318 2216194  3516 awk -F\t -v OFS=\t -v snp_name=RSID -v A1_name=ALLELE1 -v A2_name=ALLELE0 -v beta_name=BETA -v se_name=SE -v ss_name=N -v af_name=A1FREQ -f remove_invalid_variants.awk
2216320 2216194  3468 awk -F\t -v OFS=\t -v beta_name=BETA -v se_name=SE -f add_zscore.awk
2216317 2216194  3460 awk -F? -v chr_header=CHROM -v chrom_val=1 -v OFS=\t                      NR==1 {                         for (i=1; i<=NF; i++) if ($i == chr_header) chr_idx = i                         if (!chr_idx) { print "ERROR: chrom header not found: " chr_header > "/dev/stderr"; exit 1 }                         print                         next                     }                     $chr_idx == chrom_val                     
2216194 2216178  3252 bash 1_combine_and_format.sh 1 /nfs/turbo/sph-jvmorr/GFA_metabolites_2025/gfa_pipeline/5e5Sig_Herit_Mets_8ForLDSCStrip.csv 0.05 0.1 final_pass_snps.txt
2216178 2216129  2992 /bin/bash /var/spool/slurmd.spool/job45993755/slurm_script
2216196 2216194  2196 bash 1_combine_and_format.sh 1 /nfs/turbo/sph-jvmorr/GFA_metabolites_2025/gfa_pipeline/5e5Sig_Herit_Mets_8ForLDSCStrip.csv 0.05 0.1 final_pass_snps.txt
2216319 2216194  2116 bash 1_combine_and_format.sh 1 /nfs/turbo/sph-jvmorr/GFA_metabolites_2025/gfa_pipeline/5e5Sig_Herit_Mets_8ForLDSCStrip.csv 0.05 0.1 final_pass_snps.txt
2216316 2216194  1576 gzip -cd /nfs/turbo/sph-jvmorr/gwas_summary_statistics/METSIM/with_rsid/C999912117/C999912117_regenie_rsid.tsv.gz
2216357 2216196   944 head -20
----
Tue Mar 24 11:40:04 EDT 2026
    PID    PPID   RSS CMD
2216321 2216319 61436 sort -T 1_comb_form_20260324_113951 -S 100M -t ? -k1,1 -u
2216379 2216196  3864 ps -u elottie -o pid,ppid,rss,cmd --sort=-rss
2216318 2216194  3516 awk -F\t -v OFS=\t -v snp_name=RSID -v A1_name=ALLELE1 -v A2_name=ALLELE0 -v beta_name=BETA -v se_name=SE -v ss_name=N -v af_name=A1FREQ -f remove_invalid_variants.awk
2216320 2216194  3468 awk -F\t -v OFS=\t -v beta_name=BETA -v se_name=SE -f add_zscore.awk
2216317 2216194  3460 awk -F? -v chr_header=CHROM -v chrom_val=1 -v OFS=\t                      NR==1 {                         for (i=1; i<=NF; i++) if ($i == chr_header) chr_idx = i                         if (!chr_idx) { print "ERROR: chrom header not found: " chr_header > "/dev/stderr"; exit 1 }                         print                         next                     }                     $chr_idx == chrom_val                     
2216194 2216178  3252 bash 1_combine_and_format.sh 1 /nfs/turbo/sph-jvmorr/GFA_metabolites_2025/gfa_pipeline/5e5Sig_Herit_Mets_8ForLDSCStrip.csv 0.05 0.1 final_pass_snps.txt
2216178 2216129  2992 /bin/bash /var/spool/slurmd.spool/job45993755/slurm_script
2216196 2216194  2196 bash 1_combine_and_format.sh 1 /nfs/turbo/sph-jvmorr/GFA_metabolites_2025/gfa_pipeline/5e5Sig_Herit_Mets_8ForLDSCStrip.csv 0.05 0.1 final_pass_snps.txt
2216319 2216194  2116 bash 1_combine_and_format.sh 1 /nfs/turbo/sph-jvmorr/GFA_metabolites_2025/gfa_pipeline/5e5Sig_Herit_Mets_8ForLDSCStrip.csv 0.05 0.1 final_pass_snps.txt
2216316 2216194  1576 gzip -cd /nfs/turbo/sph-jvmorr/gwas_summary_statistics/METSIM/with_rsid/C999912117/C999912117_regenie_rsid.tsv.gz
2216380 2216196   968 head -20
----
Tue Mar 24 11:40:06 EDT 2026
    PID    PPID   RSS CMD
2216321 2216319 61436 sort -T 1_comb_form_20260324_113951 -S 100M -t ? -k1,1 -u
2216385 2216196  3816 ps -u elottie -o pid,ppid,rss,cmd --sort=-rss
2216318 2216194  3516 awk -F\t -v OFS=\t -v snp_name=RSID -v A1_name=ALLELE1 -v A2_name=ALLELE0 -v beta_name=BETA -v se_name=SE -v ss_name=N -v af_name=A1FREQ -f remove_invalid_variants.awk
2216320 2216194  3468 awk -F\t -v OFS=\t -v beta_name=BETA -v se_name=SE -f add_zscore.awk
2216317 2216194  3460 awk -F? -v chr_header=CHROM -v chrom_val=1 -v OFS=\t                      NR==1 {                         for (i=1; i<=NF; i++) if ($i == chr_header) chr_idx = i                         if (!chr_idx) { print "ERROR: chrom header not found: " chr_header > "/dev/stderr"; exit 1 }                         print                         next                     }                     $chr_idx == chrom_val                     
2216194 2216178  3252 bash 1_combine_and_format.sh 1 /nfs/turbo/sph-jvmorr/GFA_metabolites_2025/gfa_pipeline/5e5Sig_Herit_Mets_8ForLDSCStrip.csv 0.05 0.1 final_pass_snps.txt
2216178 2216129  2992 /bin/bash /var/spool/slurmd.spool/job45993755/slurm_script
2216196 2216194  2196 bash 1_combine_and_format.sh 1 /nfs/turbo/sph-jvmorr/GFA_metabolites_2025/gfa_pipeline/5e5Sig_Herit_Mets_8ForLDSCStrip.csv 0.05 0.1 final_pass_snps.txt
2216319 2216194  2116 bash 1_combine_and_format.sh 1 /nfs/turbo/sph-jvmorr/GFA_metabolites_2025/gfa_pipeline/5e5Sig_Herit_Mets_8ForLDSCStrip.csv 0.05 0.1 final_pass_snps.txt
2216316 2216194  1576 gzip -cd /nfs/turbo/sph-jvmorr/gwas_summary_statistics/METSIM/with_rsid/C999912117/C999912117_regenie_rsid.tsv.gz
2216386 2216196  1028 head -20
----
Tue Mar 24 11:40:08 EDT 2026
    PID    PPID   RSS CMD
2216321 2216319 64340 sort -T 1_comb_form_20260324_113951 -S 100M -t ? -k1,1 -u
2216395 2216196  3776 ps -u elottie -o pid,ppid,rss,cmd --sort=-rss
2216320 2216194  3468 awk -F\t -v OFS=\t -v beta_name=BETA -v se_name=SE -f add_zscore.awk
2216194 2216178  3252 bash 1_combine_and_format.sh 1 /nfs/turbo/sph-jvmorr/GFA_metabolites_2025/gfa_pipeline/5e5Sig_Herit_Mets_8ForLDSCStrip.csv 0.05 0.1 final_pass_snps.txt
2216178 2216129  2992 /bin/bash /var/spool/slurmd.spool/job45993755/slurm_script
2216196 2216194  2196 bash 1_combine_and_format.sh 1 /nfs/turbo/sph-jvmorr/GFA_metabolites_2025/gfa_pipeline/5e5Sig_Herit_Mets_8ForLDSCStrip.csv 0.05 0.1 final_pass_snps.txt
2216319 2216194  2116 bash 1_combine_and_format.sh 1 /nfs/turbo/sph-jvmorr/GFA_metabolites_2025/gfa_pipeline/5e5Sig_Herit_Mets_8ForLDSCStrip.csv 0.05 0.1 final_pass_snps.txt
2216396 2216196   936 head -20
----
Tue Mar 24 11:40:10 EDT 2026
    PID    PPID   RSS CMD
2216321 2216319 73144 sort -T 1_comb_form_20260324_113951 -S 100M -t ? -k1,1 -u
2216405 2216196  3888 ps -u elottie -o pid,ppid,rss,cmd --sort=-rss
2216320 2216194  3468 awk -F\t -v OFS=\t -v beta_name=BETA -v se_name=SE -f add_zscore.awk
2216194 2216178  3252 bash 1_combine_and_format.sh 1 /nfs/turbo/sph-jvmorr/GFA_metabolites_2025/gfa_pipeline/5e5Sig_Herit_Mets_8ForLDSCStrip.csv 0.05 0.1 final_pass_snps.txt
2216178 2216129  2992 /bin/bash /var/spool/slurmd.spool/job45993755/slurm_script
2216196 2216194  2196 bash 1_combine_and_format.sh 1 /nfs/turbo/sph-jvmorr/GFA_metabolites_2025/gfa_pipeline/5e5Sig_Herit_Mets_8ForLDSCStrip.csv 0.05 0.1 final_pass_snps.txt
2216319 2216194  2116 bash 1_combine_and_format.sh 1 /nfs/turbo/sph-jvmorr/GFA_metabolites_2025/gfa_pipeline/5e5Sig_Herit_Mets_8ForLDSCStrip.csv 0.05 0.1 final_pass_snps.txt
2216406 2216196   848 head -20
----
Tue Mar 24 11:40:12 EDT 2026
    PID    PPID   RSS CMD
2216461 2216459 11232 sort -T 1_comb_form_20260324_113951 -S 100M -t ? -k1,1 -u
2216463 2216196  3784 ps -u elottie -o pid,ppid,rss,cmd --sort=-rss
2216460 2216194  3504 awk -F\t -v OFS=\t -v beta_name=BETA -v se_name=SE -f add_zscore.awk
2216458 2216194  3492 awk -F\t -v OFS=\t -v snp_name=RSID -v A1_name=ALLELE1 -v A2_name=ALLELE0 -v beta_name=BETA -v se_name=SE -v ss_name=N -v af_name=A1FREQ -f remove_invalid_variants.awk
2216457 2216194  3424 awk -F? -v chr_header=CHROM -v chrom_val=1 -v OFS=\t                      NR==1 {                         for (i=1; i<=NF; i++) if ($i == chr_header) chr_idx = i                         if (!chr_idx) { print "ERROR: chrom header not found: " chr_header > "/dev/stderr"; exit 1 }                         print                         next                     }                     $chr_idx == chrom_val                     
2216194 2216178  3252 bash 1_combine_and_format.sh 1 /nfs/turbo/sph-jvmorr/GFA_metabolites_2025/gfa_pipeline/5e5Sig_Herit_Mets_8ForLDSCStrip.csv 0.05 0.1 final_pass_snps.txt
2216178 2216129  2992 /bin/bash /var/spool/slurmd.spool/job45993755/slurm_script
2216196 2216194  2196 bash 1_combine_and_format.sh 1 /nfs/turbo/sph-jvmorr/GFA_metabolites_2025/gfa_pipeline/5e5Sig_Herit_Mets_8ForLDSCStrip.csv 0.05 0.1 final_pass_snps.txt
2216459 2216194  2116 bash 1_combine_and_format.sh 1 /nfs/turbo/sph-jvmorr/GFA_metabolites_2025/gfa_pipeline/5e5Sig_Herit_Mets_8ForLDSCStrip.csv 0.05 0.1 final_pass_snps.txt
2216456 2216194  1640 gzip -cd /nfs/turbo/sph-jvmorr/gwas_summary_statistics/METSIM/with_rsid/C999912707/C999912707_regenie_rsid.tsv.gz
2216464 2216196   848 head -20
----
Tue Mar 24 11:40:14 EDT 2026
    PID    PPID   RSS CMD
2216461 2216459 44496 sort -T 1_comb_form_20260324_113951 -S 100M -t ? -k1,1 -u
2216467 2216196  3784 ps -u elottie -o pid,ppid,rss,cmd --sort=-rss
2216460 2216194  3504 awk -F\t -v OFS=\t -v beta_name=BETA -v se_name=SE -f add_zscore.awk
2216458 2216194  3492 awk -F\t -v OFS=\t -v snp_name=RSID -v A1_name=ALLELE1 -v A2_name=ALLELE0 -v beta_name=BETA -v se_name=SE -v ss_name=N -v af_name=A1FREQ -f remove_invalid_variants.awk
2216457 2216194  3424 awk -F? -v chr_header=CHROM -v chrom_val=1 -v OFS=\t                      NR==1 {                         for (i=1; i<=NF; i++) if ($i == chr_header) chr_idx = i                         if (!chr_idx) { print "ERROR: chrom header not found: " chr_header > "/dev/stderr"; exit 1 }                         print                         next                     }                     $chr_idx == chrom_val                     
2216194 2216178  3252 bash 1_combine_and_format.sh 1 /nfs/turbo/sph-jvmorr/GFA_metabolites_2025/gfa_pipeline/5e5Sig_Herit_Mets_8ForLDSCStrip.csv 0.05 0.1 final_pass_snps.txt
2216178 2216129  2992 /bin/bash /var/spool/slurmd.spool/job45993755/slurm_script
2216196 2216194  2196 bash 1_combine_and_format.sh 1 /nfs/turbo/sph-jvmorr/GFA_metabolites_2025/gfa_pipeline/5e5Sig_Herit_Mets_8ForLDSCStrip.csv 0.05 0.1 final_pass_snps.txt
2216459 2216194  2116 bash 1_combine_and_format.sh 1 /nfs/turbo/sph-jvmorr/GFA_metabolites_2025/gfa_pipeline/5e5Sig_Herit_Mets_8ForLDSCStrip.csv 0.05 0.1 final_pass_snps.txt
2216456 2216194  1640 gzip -cd /nfs/turbo/sph-jvmorr/gwas_summary_statistics/METSIM/with_rsid/C999912707/C999912707_regenie_rsid.tsv.gz
2216468 2216196   936 head -20
----
Tue Mar 24 11:40:16 EDT 2026
    PID    PPID   RSS CMD
2216461 2216459 62184 sort -T 1_comb_form_20260324_113951 -S 100M -t ? -k1,1 -u
2216471 2216196  3892 ps -u elottie -o pid,ppid,rss,cmd --sort=-rss
2216460 2216194  3504 awk -F\t -v OFS=\t -v beta_name=BETA -v se_name=SE -f add_zscore.awk
2216458 2216194  3492 awk -F\t -v OFS=\t -v snp_name=RSID -v A1_name=ALLELE1 -v A2_name=ALLELE0 -v beta_name=BETA -v se_name=SE -v ss_name=N -v af_name=A1FREQ -f remove_invalid_variants.awk
2216457 2216194  3424 awk -F? -v chr_header=CHROM -v chrom_val=1 -v OFS=\t                      NR==1 {                         for (i=1; i<=NF; i++) if ($i == chr_header) chr_idx = i                         if (!chr_idx) { print "ERROR: chrom header not found: " chr_header > "/dev/stderr"; exit 1 }                         print                         next                     }                     $chr_idx == chrom_val                     
2216194 2216178  3252 bash 1_combine_and_format.sh 1 /nfs/turbo/sph-jvmorr/GFA_metabolites_2025/gfa_pipeline/5e5Sig_Herit_Mets_8ForLDSCStrip.csv 0.05 0.1 final_pass_snps.txt
2216178 2216129  2992 /bin/bash /var/spool/slurmd.spool/job45993755/slurm_script
2216196 2216194  2196 bash 1_combine_and_format.sh 1 /nfs/turbo/sph-jvmorr/GFA_metabolites_2025/gfa_pipeline/5e5Sig_Herit_Mets_8ForLDSCStrip.csv 0.05 0.1 final_pass_snps.txt
2216459 2216194  2116 bash 1_combine_and_format.sh 1 /nfs/turbo/sph-jvmorr/GFA_metabolites_2025/gfa_pipeline/5e5Sig_Herit_Mets_8ForLDSCStrip.csv 0.05 0.1 final_pass_snps.txt
2216456 2216194  1640 gzip -cd /nfs/turbo/sph-jvmorr/gwas_summary_statistics/METSIM/with_rsid/C999912707/C999912707_regenie_rsid.tsv.gz
2216472 2216196   844 head -20
----
Tue Mar 24 11:40:18 EDT 2026
    PID    PPID   RSS CMD
2216461 2216459 62184 sort -T 1_comb_form_20260324_113951 -S 100M -t ? -k1,1 -u
2216479 2216196  3772 ps -u elottie -o pid,ppid,rss,cmd --sort=-rss
2216460 2216194  3504 awk -F\t -v OFS=\t -v beta_name=BETA -v se_name=SE -f add_zscore.awk
2216458 2216194  3492 awk -F\t -v OFS=\t -v snp_name=RSID -v A1_name=ALLELE1 -v A2_name=ALLELE0 -v beta_name=BETA -v se_name=SE -v ss_name=N -v af_name=A1FREQ -f remove_invalid_variants.awk
2216457 2216194  3424 awk -F? -v chr_header=CHROM -v chrom_val=1 -v OFS=\t                      NR==1 {                         for (i=1; i<=NF; i++) if ($i == chr_header) chr_idx = i                         if (!chr_idx) { print "ERROR: chrom header not found: " chr_header > "/dev/stderr"; exit 1 }                         print                         next                     }                     $chr_idx == chrom_val                     
2216194 2216178  3252 bash 1_combine_and_format.sh 1 /nfs/turbo/sph-jvmorr/GFA_metabolites_2025/gfa_pipeline/5e5Sig_Herit_Mets_8ForLDSCStrip.csv 0.05 0.1 final_pass_snps.txt
2216178 2216129  2992 /bin/bash /var/spool/slurmd.spool/job45993755/slurm_script
2216196 2216194  2196 bash 1_combine_and_format.sh 1 /nfs/turbo/sph-jvmorr/GFA_metabolites_2025/gfa_pipeline/5e5Sig_Herit_Mets_8ForLDSCStrip.csv 0.05 0.1 final_pass_snps.txt
2216459 2216194  2116 bash 1_combine_and_format.sh 1 /nfs/turbo/sph-jvmorr/GFA_metabolites_2025/gfa_pipeline/5e5Sig_Herit_Mets_8ForLDSCStrip.csv 0.05 0.1 final_pass_snps.txt
2216456 2216194  1640 gzip -cd /nfs/turbo/sph-jvmorr/gwas_summary_statistics/METSIM/with_rsid/C999912707/C999912707_regenie_rsid.tsv.gz
2216480 2216196   856 head -20
----
Tue Mar 24 11:40:20 EDT 2026
    PID    PPID   RSS CMD
2216461 2216459 62184 sort -T 1_comb_form_20260324_113951 -S 100M -t ? -k1,1 -u
2216483 2216196  3820 ps -u elottie -o pid,ppid,rss,cmd --sort=-rss
2216460 2216194  3504 awk -F\t -v OFS=\t -v beta_name=BETA -v se_name=SE -f add_zscore.awk
2216458 2216194  3492 awk -F\t -v OFS=\t -v snp_name=RSID -v A1_name=ALLELE1 -v A2_name=ALLELE0 -v beta_name=BETA -v se_name=SE -v ss_name=N -v af_name=A1FREQ -f remove_invalid_variants.awk
2216457 2216194  3424 awk -F? -v chr_header=CHROM -v chrom_val=1 -v OFS=\t                      NR==1 {                         for (i=1; i<=NF; i++) if ($i == chr_header) chr_idx = i                         if (!chr_idx) { print "ERROR: chrom header not found: " chr_header > "/dev/stderr"; exit 1 }                         print                         next                     }                     $chr_idx == chrom_val                     
2216194 2216178  3252 bash 1_combine_and_format.sh 1 /nfs/turbo/sph-jvmorr/GFA_metabolites_2025/gfa_pipeline/5e5Sig_Herit_Mets_8ForLDSCStrip.csv 0.05 0.1 final_pass_snps.txt
2216178 2216129  2992 /bin/bash /var/spool/slurmd.spool/job45993755/slurm_script
2216196 2216194  2196 bash 1_combine_and_format.sh 1 /nfs/turbo/sph-jvmorr/GFA_metabolites_2025/gfa_pipeline/5e5Sig_Herit_Mets_8ForLDSCStrip.csv 0.05 0.1 final_pass_snps.txt
2216459 2216194  2116 bash 1_combine_and_format.sh 1 /nfs/turbo/sph-jvmorr/GFA_metabolites_2025/gfa_pipeline/5e5Sig_Herit_Mets_8ForLDSCStrip.csv 0.05 0.1 final_pass_snps.txt
2216456 2216194  1640 gzip -cd /nfs/turbo/sph-jvmorr/gwas_summary_statistics/METSIM/with_rsid/C999912707/C999912707_regenie_rsid.tsv.gz
2216484 2216196   936 head -20
----
Tue Mar 24 11:40:23 EDT 2026
    PID    PPID   RSS CMD
2216461 2216459 62184 sort -T 1_comb_form_20260324_113951 -S 100M -t ? -k1,1 -u
2216488 2216196  3720 ps -u elottie -o pid,ppid,rss,cmd --sort=-rss
2216460 2216194  3504 awk -F\t -v OFS=\t -v beta_name=BETA -v se_name=SE -f add_zscore.awk
2216458 2216194  3492 awk -F\t -v OFS=\t -v snp_name=RSID -v A1_name=ALLELE1 -v A2_name=ALLELE0 -v beta_name=BETA -v se_name=SE -v ss_name=N -v af_name=A1FREQ -f remove_invalid_variants.awk
2216457 2216194  3424 awk -F? -v chr_header=CHROM -v chrom_val=1 -v OFS=\t                      NR==1 {                         for (i=1; i<=NF; i++) if ($i == chr_header) chr_idx = i                         if (!chr_idx) { print "ERROR: chrom header not found: " chr_header > "/dev/stderr"; exit 1 }                         print                         next                     }                     $chr_idx == chrom_val                     
2216194 2216178  3252 bash 1_combine_and_format.sh 1 /nfs/turbo/sph-jvmorr/GFA_metabolites_2025/gfa_pipeline/5e5Sig_Herit_Mets_8ForLDSCStrip.csv 0.05 0.1 final_pass_snps.txt
2216178 2216129  2992 /bin/bash /var/spool/slurmd.spool/job45993755/slurm_script
2216196 2216194  2196 bash 1_combine_and_format.sh 1 /nfs/turbo/sph-jvmorr/GFA_metabolites_2025/gfa_pipeline/5e5Sig_Herit_Mets_8ForLDSCStrip.csv 0.05 0.1 final_pass_snps.txt
2216459 2216194  2116 bash 1_combine_and_format.sh 1 /nfs/turbo/sph-jvmorr/GFA_metabolites_2025/gfa_pipeline/5e5Sig_Herit_Mets_8ForLDSCStrip.csv 0.05 0.1 final_pass_snps.txt
2216456 2216194  1640 gzip -cd /nfs/turbo/sph-jvmorr/gwas_summary_statistics/METSIM/with_rsid/C999912707/C999912707_regenie_rsid.tsv.gz
2216489 2216196   936 head -20
----
Tue Mar 24 11:40:25 EDT 2026
    PID    PPID   RSS CMD
2216461 2216459 62184 sort -T 1_comb_form_20260324_113951 -S 100M -t ? -k1,1 -u
2216494 2216196  3804 ps -u elottie -o pid,ppid,rss,cmd --sort=-rss
2216460 2216194  3504 awk -F\t -v OFS=\t -v beta_name=BETA -v se_name=SE -f add_zscore.awk
2216458 2216194  3492 awk -F\t -v OFS=\t -v snp_name=RSID -v A1_name=ALLELE1 -v A2_name=ALLELE0 -v beta_name=BETA -v se_name=SE -v ss_name=N -v af_name=A1FREQ -f remove_invalid_variants.awk
2216457 2216194  3424 awk -F? -v chr_header=CHROM -v chrom_val=1 -v OFS=\t                      NR==1 {                         for (i=1; i<=NF; i++) if ($i == chr_header) chr_idx = i                         if (!chr_idx) { print "ERROR: chrom header not found: " chr_header > "/dev/stderr"; exit 1 }                         print                         next                     }                     $chr_idx == chrom_val                     
2216194 2216178  3252 bash 1_combine_and_format.sh 1 /nfs/turbo/sph-jvmorr/GFA_metabolites_2025/gfa_pipeline/5e5Sig_Herit_Mets_8ForLDSCStrip.csv 0.05 0.1 final_pass_snps.txt
2216178 2216129  2992 /bin/bash /var/spool/slurmd.spool/job45993755/slurm_script
2216196 2216194  2196 bash 1_combine_and_format.sh 1 /nfs/turbo/sph-jvmorr/GFA_metabolites_2025/gfa_pipeline/5e5Sig_Herit_Mets_8ForLDSCStrip.csv 0.05 0.1 final_pass_snps.txt
2216459 2216194  2116 bash 1_combine_and_format.sh 1 /nfs/turbo/sph-jvmorr/GFA_metabolites_2025/gfa_pipeline/5e5Sig_Herit_Mets_8ForLDSCStrip.csv 0.05 0.1 final_pass_snps.txt
2216456 2216194  1640 gzip -cd /nfs/turbo/sph-jvmorr/gwas_summary_statistics/METSIM/with_rsid/C999912707/C999912707_regenie_rsid.tsv.gz
2216495 2216196   860 head -20
----
Tue Mar 24 11:40:27 EDT 2026
    PID    PPID   RSS CMD
2216461 2216459 74064 sort -T 1_comb_form_20260324_113951 -S 100M -t ? -k1,1 -u
2216503 2216196  3776 ps -u elottie -o pid,ppid,rss,cmd --sort=-rss
2216460 2216194  3504 awk -F\t -v OFS=\t -v beta_name=BETA -v se_name=SE -f add_zscore.awk
2216194 2216178  3252 bash 1_combine_and_format.sh 1 /nfs/turbo/sph-jvmorr/GFA_metabolites_2025/gfa_pipeline/5e5Sig_Herit_Mets_8ForLDSCStrip.csv 0.05 0.1 final_pass_snps.txt
2216178 2216129  2992 /bin/bash /var/spool/slurmd.spool/job45993755/slurm_script
2216196 2216194  2196 bash 1_combine_and_format.sh 1 /nfs/turbo/sph-jvmorr/GFA_metabolites_2025/gfa_pipeline/5e5Sig_Herit_Mets_8ForLDSCStrip.csv 0.05 0.1 final_pass_snps.txt
2216459 2216194  2116 bash 1_combine_and_format.sh 1 /nfs/turbo/sph-jvmorr/GFA_metabolites_2025/gfa_pipeline/5e5Sig_Herit_Mets_8ForLDSCStrip.csv 0.05 0.1 final_pass_snps.txt
2216504 2216196   856 head -20
----
Tue Mar 24 11:40:29 EDT 2026
